<?xml version="1.0" encoding="UTF-8"?>
<testng-results ignored="0" total="1" passed="1" failed="0" skipped="0">
  <reporter-output>
  </reporter-output>
  <suite started-at="2024-02-07T19:22:10 IST" name="Default suite" finished-at="2024-02-07T19:22:21 IST" duration-ms="11661">
    <groups>
    </groups>
    <test started-at="2024-02-07T19:22:10 IST" name="Default test" finished-at="2024-02-07T19:22:21 IST" duration-ms="11661">
      <class name="Testcases.Productpagetestcase1">
        <test-method signature="Shopbybrand()[pri:0, instance:Testcases.Productpagetestcase1@24fcf36f]" started-at="2024-02-07T19:22:10 IST" name="Shopbybrand" finished-at="2024-02-07T19:22:21 IST" duration-ms="11625" status="PASS">
          <reporter-output>
          </reporter-output>
        </test-method> <!-- Shopbybrand -->
      </class> <!-- Testcases.Productpagetestcase1 -->
    </test> <!-- Default test -->
  </suite> <!-- Default suite -->
</testng-results>
